2025-11-20 18:33:55  Checksum file created.
2025-11-20 18:33:55  Container not running. Starting…
Unable to find image 'my_app_image:latest' locally
docker: Error response from daemon: pull access denied for my_app_image, repository does not exist or may require 'docker login'

Run 'docker run --help' for more information
2025-11-20 18:38:27  Container not running. Starting…
Unable to find image 'my_app_image:latest' locally
docker: Error response from daemon: pull access denied for my_app_image, repository does not exist or may require 'docker login'

Run 'docker run --help' for more information
2025-11-20 18:52:05  Container not running. Starting…
Unable to find image 'my_app_image:latest' locally
docker: Error response from daemon: pull access denied for my_app_image, repository does not exist or may require 'docker login'

Run 'docker run --help' for more information
2025-11-20 18:52:30  Dockerfile changed. Rebuilding image…
#0 building with "default" instance using docker driver

#1 [internal] load build definition from dockerfile
#1 transferring dockerfile: 88B done
#1 DONE 0.0s

#2 [internal] load metadata for docker.io/library/alpine:latest
#2 ...

#3 [auth] library/alpine:pull token for registry-1.docker.io
#3 DONE 0.0s

#2 [internal] load metadata for docker.io/library/alpine:latest
#2 DONE 3.3s

#4 [internal] load .dockerignore
#4 transferring context: 2B done
#4 DONE 0.0s

#5 [1/1] FROM docker.io/library/alpine:latest@sha256:4b7ce07002c69e8f3d704a9c5d6fd3053be500b7f1c69fc0d80990c2ad8dd412
#5 resolve docker.io/library/alpine:latest@sha256:4b7ce07002c69e8f3d704a9c5d6fd3053be500b7f1c69fc0d80990c2ad8dd412 0.0s done
#5 DONE 0.1s

#6 exporting to image
#6 exporting layers done
#6 exporting manifest sha256:5c0bd3b84fe6c2be8444cf6405d2e319d86e911686659a060f54e1f2fa237aff 0.0s done
#6 exporting config sha256:ed3846136c89bfac3e9b73fe554371e0f8d82241737bf9957d4ec3f69d289ef7 0.0s done
#6 exporting attestation manifest sha256:f858e0c1fe773681ae2f0b6193e7ea0adfe5db852c10835bb8a42862cdc78669 0.0s done
#6 exporting manifest list sha256:cbf8ea29e69d77ab7d1dc5d72ceaa3a70a801cc47812c0e1a91842445aa1690d
#6 exporting manifest list sha256:cbf8ea29e69d77ab7d1dc5d72ceaa3a70a801cc47812c0e1a91842445aa1690d 0.0s done
#6 naming to docker.io/library/ubuntu:latest done
#6 unpacking to docker.io/library/ubuntu:latest done
#6 DONE 0.2s
2025-11-20 18:52:35  Image built successfully.
confident_germain
1b00cd8c1962d6dba0333d5837802f9c83d702b9ea50db9f4373fe86a1c2a144
2025-11-20 18:52:36  Container restarted.
2025-11-20 18:52:36  Container is running.
2025-11-20 19:01:08  Container not running. Starting…
docker: Error response from daemon: Conflict. The container name "/confident_germain" is already in use by container "1b00cd8c1962d6dba0333d5837802f9c83d702b9ea50db9f4373fe86a1c2a144". You have to remove (or rename) that container to be able to reuse that name.

Run 'docker run --help' for more information
2025-11-20 19:01:29  Container not running. Starting…
docker: Error response from daemon: Conflict. The container name "/confident_germain" is already in use by container "1b00cd8c1962d6dba0333d5837802f9c83d702b9ea50db9f4373fe86a1c2a144". You have to remove (or rename) that container to be able to reuse that name.

Run 'docker run --help' for more information
2025-11-20 19:01:49  Container not running. Starting…
docker: Error response from daemon: Conflict. The container name "/confident_germain" is already in use by container "1b00cd8c1962d6dba0333d5837802f9c83d702b9ea50db9f4373fe86a1c2a144". You have to remove (or rename) that container to be able to reuse that name.

Run 'docker run --help' for more information
2025-11-20 19:04:30  Container not running. Starting…
docker: Error response from daemon: Conflict. The container name "/confident_germain" is already in use by container "1b00cd8c1962d6dba0333d5837802f9c83d702b9ea50db9f4373fe86a1c2a144". You have to remove (or rename) that container to be able to reuse that name.

Run 'docker run --help' for more information
2025-11-20 19:04:38  Container not running. Starting…
58ae10f062db0e5d12629ce684a75dcf135d4f2396c3623a468952fbe773b904
2025-11-20 19:08:30  Container not running. Starting…
93d16119edcd1aea6da841a72d8a06329e7d7c0552761235ee996968382b15d8
2025-11-20 19:12:37  Dockerfile changed. Rebuilding image…
#0 building with "default" instance using docker driver

#1 [internal] load build definition from dockerfile
#1 transferring dockerfile: 96B done
#1 DONE 0.0s

#2 [internal] load metadata for docker.io/library/nginx:latest
#2 DONE 0.1s

#3 [internal] load .dockerignore
#3 transferring context: 2B done
#3 DONE 0.0s

#4 [1/1] FROM docker.io/library/nginx:latest@sha256:1beed3ca46acebe9d3fb62e9067f03d05d5bfa97a00f30938a0a3580563272ad
#4 resolve docker.io/library/nginx:latest@sha256:1beed3ca46acebe9d3fb62e9067f03d05d5bfa97a00f30938a0a3580563272ad 0.0s done
#4 DONE 1.6s

#5 exporting to image
#5 exporting layers 0.0s done
#5 exporting manifest sha256:4d65fee1b3c40a9dd363dfcb9abe155962a638e3a235ed24d76c89f96ffbfe33
#5 exporting manifest sha256:4d65fee1b3c40a9dd363dfcb9abe155962a638e3a235ed24d76c89f96ffbfe33 0.2s done
#5 exporting config sha256:d43a3dd4d88d86bb65d11be3bd830313cacc38be05f0e31889d4c93d37d9d021
#5 exporting config sha256:d43a3dd4d88d86bb65d11be3bd830313cacc38be05f0e31889d4c93d37d9d021 0.2s done
#5 exporting attestation manifest sha256:af37e359b1216229d20d5f406aee996c03bdaa4e1da9c3e8ac0d38af96be064c
#5 exporting attestation manifest sha256:af37e359b1216229d20d5f406aee996c03bdaa4e1da9c3e8ac0d38af96be064c 0.3s done
#5 exporting manifest list sha256:5ca78c2a9c3e093cc654eb2aa95b0b2078ac07df4b6689b33b94adbad4244b0e
#5 exporting manifest list sha256:5ca78c2a9c3e093cc654eb2aa95b0b2078ac07df4b6689b33b94adbad4244b0e 0.2s done
#5 naming to docker.io/library/ubuntu:latest
#5 naming to docker.io/library/ubuntu:latest 0.0s done
#5 unpacking to docker.io/library/ubuntu:latest 0.0s done
#5 DONE 1.1s
2025-11-20 19:12:42  Image built successfully.
confident_germain
7397b2e909e61b4aa6973ce313dcc45a54572d6ca3ac73711b2dfdd18c26fe5e
2025-11-20 19:12:44  Container restarted.
2025-11-20 19:12:44  Container is running.
2025-11-20 19:16:25  Container not running. Starting…
docker: Error response from daemon: Conflict. The container name "/confident_germain" is already in use by container "7397b2e909e61b4aa6973ce313dcc45a54572d6ca3ac73711b2dfdd18c26fe5e". You have to remove (or rename) that container to be able to reuse that name.

Run 'docker run --help' for more information
2025-11-20 19:16:44  Container not running. Starting…
1010017bde5559829a8bf47ecd4b3ea8264aab6430b905c9e845a503f1400abf
2025-11-20 19:17:49  Container not running. Starting…
d50c319cecdaa3212b6c6b6166a6f54f087a3eb2617e9312eeb3d3fa79f7d48c
2025-11-20 19:19:31  Container is running.
2025-11-20 19:22:12  Container is running.
2025-11-20 19:24:47  Container is running.
2025-11-20 19:35:48  Container is running.
2025-11-20 19:42:30  Container is running.
2025-11-20 19:45:53  Container is running.
2025-11-20 19:52:13  Container is running.
2025-11-20 19:52:52  Container not running. Starting…
3204d79f751a288162fbe876e76b74c0ba6c3c9827da087fa018be00c57905f7
2025-11-20 19:53:16  Container is running.
2025-11-20 20:02:17  ERROR: Dockerfile not found!
2025-11-20 20:02:31  Container is running.
2025-11-20 20:05:41  Container is running.
2025-11-20 20:07:53  Container is running.
2025-11-20 20:10:37  Container is running.
